mEventId  
mRunId    
mOriginMult 
mCentralMult 
mCentrality 
mNUncorrectedNegativePrimaries 
mNUncorrectedPrimaries 
mNUncorrectedGlobals 
mNFtpcWUncorrectedPrimaries 
mNFtpcEUncorrectedPrimaries 
mMcMult   
mNMcNch   
mNMcFtpcWNch 
mNMcFtpcENch 
mNMcHminus 
mNMcGlobal 
mNMcGoodGlobal20 
mNRcGlobal 
mNRcGoodGlobal20 
mImpact   
mImpactPhi 
mTimeOffset 
mVertexX  
mVertexY  
mVertexZ  
mVertexCovMatrix[6] 
mMcVertexX 
mMcVertexY 
mMcVertexZ 
mMagField 
mCenterOfMassEnergy 
mBackgroundRate 
mBeamMassNumberEast 
mBeamMassNumberWest 
mCtb      
mZdcE     
mZdcW     
mNMcTrack 
mNMatchedPair 
mNMergedPair 
mNSplitPair 
mNGhostPair 
mNContamPair 
mNMatGlobPair 
mMcTracks_ 
mMcTracks.mIsValid 
mMcTracks.mPtMc 
mMcTracks.mPzMc 
mMcTracks.mEtaMc 
mMcTracks.mPhiMc 
mMcTracks.mNHitMc 
mMcTracks.mNSvtHitMc 
mMcTracks.mNSsdHitMc 
mMcTracks.mNFtpcHitMc 
mMcTracks.mNBemcHitMc 
mMcTracks.mNBprsHitMc 
mMcTracks.mNBsmdeHitMc 
mMcTracks.mNBsmdpHitMc 
mMcTracks.mNEemcHitMc 
mMcTracks.mNEprsHitMc 
mMcTracks.mNEsmduHitMc 
mMcTracks.mNEsmdvHitMc 
mMcTracks.mGeantId 
mMcTracks.mPdgId 
mMcTracks.mChargeMc 
mMcTracks.mStopR 
mMcTracks.mKey 
mMcTracks.mParentKey 
mMcTracks.mParentGeantId 
mMcTracks.mEmcEnergyMcHit[3] 
mMcTracks.mEmcEnergyMcSum 
mMcTracks.mEmcSoftIdHiTowerMc[3] 
*         | mEmcSoftIdHiTowerMc[mMcTracks_]/S                                *
mMcTracks.mNAssocGl 
mMcTracks.mNAssocPr 
mMcTracks.mIsPrimary 
mMcTracks.fUniqueID 
mMcTracks.fBits 
mMatchedPairs_ 
mMatchedPairs.mNCommonHit 
mMatchedPairs.mIsBestContam 
mMatchedPairs.mDominatrack 
mMatchedPairs.mDominCommonHit 
mMatchedPairs.mAvgQuality 
mMatchedPairs.mIsValid 
mMatchedPairs.mPtMc 
mMatchedPairs.mPzMc 
mMatchedPairs.mEtaMc 
mMatchedPairs.mPhiMc 
mMatchedPairs.mNHitMc 
mMatchedPairs.mNSvtHitMc 
mMatchedPairs.mNSsdHitMc 
mMatchedPairs.mNFtpcHitMc 
mMatchedPairs.mNBemcHitMc 
mMatchedPairs.mNBprsHitMc 
mMatchedPairs.mNBsmdeHitMc 
mMatchedPairs.mNBsmdpHitMc 
mMatchedPairs.mNEemcHitMc 
mMatchedPairs.mNEprsHitMc 
mMatchedPairs.mNEsmduHitMc 
mMatchedPairs.mNEsmdvHitMc 
mMatchedPairs.mGeantId 
mMatchedPairs.mPdgId 
mMatchedPairs.mChargeMc 
mMatchedPairs.mStopR 
mMatchedPairs.mKey 
mMatchedPairs.mParentKey 
mMatchedPairs.mParentGeantId 
mMatchedPairs.mEmcEnergyMcHit[3] 
*         | mEmcEnergyMcHit[mMatchedPairs_]/F                                *
mMatchedPairs.mEmcEnergyMcSum 
mMatchedPairs.mEmcSoftIdHiTowerMc[3] 
*         | mEmcSoftIdHiTowerMc[mMatchedPairs_]/S                            *
mMatchedPairs.mNAssocGl 
mMatchedPairs.mNAssocPr 
mMatchedPairs.mIsPrimary 
mMatchedPairs.fUniqueID 
mMatchedPairs.fBits 
mMatchedPairs.mIsValidGl 
mMatchedPairs.mIsDca 
mMatchedPairs.mPtPr 
mMatchedPairs.mPzPr 
mMatchedPairs.mEtaPr 
mMatchedPairs.mPhiPr 
mMatchedPairs.mDcaPr 
mMatchedPairs.mDcaXYPr 
mMatchedPairs.mDcaZPr 
mMatchedPairs.mDcaXYPrMcV 
mMatchedPairs.mDcaZPrMcV 
mMatchedPairs.mCurvPr 
mMatchedPairs.mTanLPr 
mMatchedPairs.mErrP[5] 
mMatchedPairs.mChi2Pr 
mMatchedPairs.mFlag 
mMatchedPairs.mDedx 
mMatchedPairs.mPtGl 
mMatchedPairs.mPzGl 
mMatchedPairs.mEtaGl 
mMatchedPairs.mPhiGl 
mMatchedPairs.mDca00 
mMatchedPairs.mDcaGl 
mMatchedPairs.mDcaXYGl 
mMatchedPairs.mDcaZGl 
mMatchedPairs.mDcaXYGlMcV 
mMatchedPairs.mDcaZGlMcV 
mMatchedPairs.mCurvGl 
mMatchedPairs.mTanLGl 
mMatchedPairs.mErrG[5] 
mMatchedPairs.mSeedQA 
mMatchedPairs.mPidPion 
mMatchedPairs.mPidProton 
mMatchedPairs.mPidKaon 
mMatchedPairs.mPidElectron 
mMatchedPairs.mFirstZ 
mMatchedPairs.mLastZ 
mMatchedPairs.mFirstPadrow 
mMatchedPairs.mLastPadrow 
mMatchedPairs.mFirstFitPadrow 
mMatchedPairs.mLastFitPadrow 
mMatchedPairs.mFirstSector 
mMatchedPairs.mLastSector 
mMatchedPairs.mRecoKey 
mMatchedPairs.mFitPts 
mMatchedPairs.mFitSvt 
mMatchedPairs.mFitSsd 
mMatchedPairs.mFitFtpc 
mMatchedPairs.mDedxPts 
mMatchedPairs.mAllPts 
mMatchedPairs.mCharge 
mMatchedPairs.mNAssocMc 
mMatchedPairs.mNPossible 
mMatchedPairs.mIsValidPr 
mMatchedPairs.mEmcTowerAdc[3] 
mMatchedPairs.mEmcEnergyRcHit[3] 
*         | mEmcEnergyRcHit[mMatchedPairs_]/F                                *
mMatchedPairs.mEmcSoftIdHiTowerRc[3] 
*         | mEmcSoftIdHiTowerRc[mMatchedPairs_]/S                            *
mMergedPairs_ 
mMergedPairs.mNCommonHit 
mMergedPairs.mIsBestContam 
mMergedPairs.mDominatrack 
mMergedPairs.mDominCommonHit 
mMergedPairs.mAvgQuality 
mMergedPairs.mIsValid 
mMergedPairs.mPtMc 
mMergedPairs.mPzMc 
mMergedPairs.mEtaMc 
mMergedPairs.mPhiMc 
mMergedPairs.mNHitMc 
mMergedPairs.mNSvtHitMc 
mMergedPairs.mNSsdHitMc 
mMergedPairs.mNFtpcHitMc 
mMergedPairs.mNBemcHitMc 
mMergedPairs.mNBprsHitMc 
mMergedPairs.mNBsmdeHitMc 
mMergedPairs.mNBsmdpHitMc 
mMergedPairs.mNEemcHitMc 
mMergedPairs.mNEprsHitMc 
mMergedPairs.mNEsmduHitMc 
mMergedPairs.mNEsmdvHitMc 
mMergedPairs.mGeantId 
mMergedPairs.mPdgId 
mMergedPairs.mChargeMc 
mMergedPairs.mStopR 
mMergedPairs.mKey 
mMergedPairs.mParentKey 
mMergedPairs.mParentGeantId 
mMergedPairs.mEmcEnergyMcHit[3] 
mMergedPairs.mEmcEnergyMcSum 
mMergedPairs.mEmcSoftIdHiTowerMc[3] 
*         | mEmcSoftIdHiTowerMc[mMergedPairs_]/S                             *
mMergedPairs.mNAssocGl 
mMergedPairs.mNAssocPr 
mMergedPairs.mIsPrimary 
mMergedPairs.fUniqueID 
mMergedPairs.fBits 
mMergedPairs.mIsValidGl 
mMergedPairs.mIsDca 
mMergedPairs.mPtPr 
mMergedPairs.mPzPr 
mMergedPairs.mEtaPr 
mMergedPairs.mPhiPr 
mMergedPairs.mDcaPr 
mMergedPairs.mDcaXYPr 
mMergedPairs.mDcaZPr 
mMergedPairs.mDcaXYPrMcV 
mMergedPairs.mDcaZPrMcV 
mMergedPairs.mCurvPr 
mMergedPairs.mTanLPr 
mMergedPairs.mErrP[5] 
mMergedPairs.mChi2Pr 
mMergedPairs.mFlag 
mMergedPairs.mDedx 
mMergedPairs.mPtGl 
mMergedPairs.mPzGl 
mMergedPairs.mEtaGl 
mMergedPairs.mPhiGl 
mMergedPairs.mDca00 
mMergedPairs.mDcaGl 
mMergedPairs.mDcaXYGl 
mMergedPairs.mDcaZGl 
mMergedPairs.mDcaXYGlMcV 
mMergedPairs.mDcaZGlMcV 
mMergedPairs.mCurvGl 
mMergedPairs.mTanLGl 
mMergedPairs.mErrG[5] 
mMergedPairs.mSeedQA 
mMergedPairs.mPidPion 
mMergedPairs.mPidProton 
mMergedPairs.mPidKaon 
mMergedPairs.mPidElectron 
mMergedPairs.mFirstZ 
mMergedPairs.mLastZ 
mMergedPairs.mFirstPadrow 
mMergedPairs.mLastPadrow 
mMergedPairs.mFirstFitPadrow 
mMergedPairs.mLastFitPadrow 
mMergedPairs.mFirstSector 
mMergedPairs.mLastSector 
mMergedPairs.mRecoKey 
mMergedPairs.mFitPts 
mMergedPairs.mFitSvt 
mMergedPairs.mFitSsd 
mMergedPairs.mFitFtpc 
mMergedPairs.mDedxPts 
mMergedPairs.mAllPts 
mMergedPairs.mCharge 
mMergedPairs.mNAssocMc 
mMergedPairs.mNPossible 
mMergedPairs.mIsValidPr 
mMergedPairs.mEmcTowerAdc[3] 
mMergedPairs.mEmcEnergyRcHit[3] 
mMergedPairs.mEmcSoftIdHiTowerRc[3] 
*         | mEmcSoftIdHiTowerRc[mMergedPairs_]/S                             *
mSplitPairs_ 
mSplitPairs.mNCommonHit 
mSplitPairs.mIsBestContam 
mSplitPairs.mDominatrack 
mSplitPairs.mDominCommonHit 
mSplitPairs.mAvgQuality 
mSplitPairs.mIsValid 
mSplitPairs.mPtMc 
mSplitPairs.mPzMc 
mSplitPairs.mEtaMc 
mSplitPairs.mPhiMc 
mSplitPairs.mNHitMc 
mSplitPairs.mNSvtHitMc 
mSplitPairs.mNSsdHitMc 
mSplitPairs.mNFtpcHitMc 
mSplitPairs.mNBemcHitMc 
mSplitPairs.mNBprsHitMc 
mSplitPairs.mNBsmdeHitMc 
mSplitPairs.mNBsmdpHitMc 
mSplitPairs.mNEemcHitMc 
mSplitPairs.mNEprsHitMc 
mSplitPairs.mNEsmduHitMc 
mSplitPairs.mNEsmdvHitMc 
mSplitPairs.mGeantId 
mSplitPairs.mPdgId 
mSplitPairs.mChargeMc 
mSplitPairs.mStopR 
mSplitPairs.mKey 
mSplitPairs.mParentKey 
mSplitPairs.mParentGeantId 
mSplitPairs.mEmcEnergyMcHit[3] 
mSplitPairs.mEmcEnergyMcSum 
mSplitPairs.mEmcSoftIdHiTowerMc[3] 
*         | mEmcSoftIdHiTowerMc[mSplitPairs_]/S                              *
mSplitPairs.mNAssocGl 
mSplitPairs.mNAssocPr 
mSplitPairs.mIsPrimary 
mSplitPairs.fUniqueID 
mSplitPairs.fBits 
mSplitPairs.mIsValidGl 
mSplitPairs.mIsDca 
mSplitPairs.mPtPr 
mSplitPairs.mPzPr 
mSplitPairs.mEtaPr 
mSplitPairs.mPhiPr 
mSplitPairs.mDcaPr 
mSplitPairs.mDcaXYPr 
mSplitPairs.mDcaZPr 
mSplitPairs.mDcaXYPrMcV 
mSplitPairs.mDcaZPrMcV 
mSplitPairs.mCurvPr 
mSplitPairs.mTanLPr 
mSplitPairs.mErrP[5] 
mSplitPairs.mChi2Pr 
mSplitPairs.mFlag 
mSplitPairs.mDedx 
mSplitPairs.mPtGl 
mSplitPairs.mPzGl 
mSplitPairs.mEtaGl 
mSplitPairs.mPhiGl 
mSplitPairs.mDca00 
mSplitPairs.mDcaGl 
mSplitPairs.mDcaXYGl 
mSplitPairs.mDcaZGl 
mSplitPairs.mDcaXYGlMcV 
mSplitPairs.mDcaZGlMcV 
mSplitPairs.mCurvGl 
mSplitPairs.mTanLGl 
mSplitPairs.mErrG[5] 
mSplitPairs.mSeedQA 
mSplitPairs.mPidPion 
mSplitPairs.mPidProton 
mSplitPairs.mPidKaon 
mSplitPairs.mPidElectron 
mSplitPairs.mFirstZ 
mSplitPairs.mLastZ 
mSplitPairs.mFirstPadrow 
mSplitPairs.mLastPadrow 
mSplitPairs.mFirstFitPadrow 
mSplitPairs.mLastFitPadrow 
mSplitPairs.mFirstSector 
mSplitPairs.mLastSector 
mSplitPairs.mRecoKey 
mSplitPairs.mFitPts 
mSplitPairs.mFitSvt 
mSplitPairs.mFitSsd 
mSplitPairs.mFitFtpc 
mSplitPairs.mDedxPts 
mSplitPairs.mAllPts 
mSplitPairs.mCharge 
mSplitPairs.mNAssocMc 
mSplitPairs.mNPossible 
mSplitPairs.mIsValidPr 
mSplitPairs.mEmcTowerAdc[3] 
mSplitPairs.mEmcEnergyRcHit[3] 
mSplitPairs.mEmcSoftIdHiTowerRc[3] 
*         | mEmcSoftIdHiTowerRc[mSplitPairs_]/S                              *
mGhostPairs_ 
mGhostPairs.mNCommonHit 
mGhostPairs.mIsBestContam 
mGhostPairs.mDominatrack 
mGhostPairs.mDominCommonHit 
mGhostPairs.mAvgQuality 
mGhostPairs.mIsValid 
mGhostPairs.mPtMc 
mGhostPairs.mPzMc 
mGhostPairs.mEtaMc 
mGhostPairs.mPhiMc 
mGhostPairs.mNHitMc 
mGhostPairs.mNSvtHitMc 
mGhostPairs.mNSsdHitMc 
mGhostPairs.mNFtpcHitMc 
mGhostPairs.mNBemcHitMc 
mGhostPairs.mNBprsHitMc 
mGhostPairs.mNBsmdeHitMc 
mGhostPairs.mNBsmdpHitMc 
mGhostPairs.mNEemcHitMc 
mGhostPairs.mNEprsHitMc 
mGhostPairs.mNEsmduHitMc 
mGhostPairs.mNEsmdvHitMc 
mGhostPairs.mGeantId 
mGhostPairs.mPdgId 
mGhostPairs.mChargeMc 
mGhostPairs.mStopR 
mGhostPairs.mKey 
mGhostPairs.mParentKey 
mGhostPairs.mParentGeantId 
mGhostPairs.mEmcEnergyMcHit[3] 
mGhostPairs.mEmcEnergyMcSum 
mGhostPairs.mEmcSoftIdHiTowerMc[3] 
*         | mEmcSoftIdHiTowerMc[mGhostPairs_]/S                              *
mGhostPairs.mNAssocGl 
mGhostPairs.mNAssocPr 
mGhostPairs.mIsPrimary 
mGhostPairs.fUniqueID 
mGhostPairs.fBits 
mGhostPairs.mIsValidGl 
mGhostPairs.mIsDca 
mGhostPairs.mPtPr 
mGhostPairs.mPzPr 
mGhostPairs.mEtaPr 
mGhostPairs.mPhiPr 
mGhostPairs.mDcaPr 
mGhostPairs.mDcaXYPr 
mGhostPairs.mDcaZPr 
mGhostPairs.mDcaXYPrMcV 
mGhostPairs.mDcaZPrMcV 
mGhostPairs.mCurvPr 
mGhostPairs.mTanLPr 
mGhostPairs.mErrP[5] 
mGhostPairs.mChi2Pr 
mGhostPairs.mFlag 
mGhostPairs.mDedx 
mGhostPairs.mPtGl 
mGhostPairs.mPzGl 
mGhostPairs.mEtaGl 
mGhostPairs.mPhiGl 
mGhostPairs.mDca00 
mGhostPairs.mDcaGl 
mGhostPairs.mDcaXYGl 
mGhostPairs.mDcaZGl 
mGhostPairs.mDcaXYGlMcV 
mGhostPairs.mDcaZGlMcV 
mGhostPairs.mCurvGl 
mGhostPairs.mTanLGl 
mGhostPairs.mErrG[5] 
mGhostPairs.mSeedQA 
mGhostPairs.mPidPion 
mGhostPairs.mPidProton 
mGhostPairs.mPidKaon 
mGhostPairs.mPidElectron 
mGhostPairs.mFirstZ 
mGhostPairs.mLastZ 
mGhostPairs.mFirstPadrow 
mGhostPairs.mLastPadrow 
mGhostPairs.mFirstFitPadrow 
mGhostPairs.mLastFitPadrow 
mGhostPairs.mFirstSector 
mGhostPairs.mLastSector 
mGhostPairs.mRecoKey 
mGhostPairs.mFitPts 
mGhostPairs.mFitSvt 
mGhostPairs.mFitSsd 
mGhostPairs.mFitFtpc 
mGhostPairs.mDedxPts 
mGhostPairs.mAllPts 
mGhostPairs.mCharge 
mGhostPairs.mNAssocMc 
mGhostPairs.mNPossible 
mGhostPairs.mIsValidPr 
mGhostPairs.mEmcTowerAdc[3] 
mGhostPairs.mEmcEnergyRcHit[3] 
mGhostPairs.mEmcSoftIdHiTowerRc[3] 
*         | mEmcSoftIdHiTowerRc[mGhostPairs_]/S                              *
mContamPairs_ 
mContamPairs.mGeantProcess 
mContamPairs.mPtMcParent 
mContamPairs.mEtaMcParent 
mContamPairs.mParentParentGeantId 
*         | mParentParentGeantId[mContamPairs_]/I                            *
mContamPairs.mPtMcParentParent 
mContamPairs.mStartX 
mContamPairs.mStartY 
mContamPairs.mStartZ 
mContamPairs.mNCommonHit 
mContamPairs.mIsBestContam 
mContamPairs.mDominatrack 
mContamPairs.mDominCommonHit 
mContamPairs.mAvgQuality 
mContamPairs.mIsValid 
mContamPairs.mPtMc 
mContamPairs.mPzMc 
mContamPairs.mEtaMc 
mContamPairs.mPhiMc 
mContamPairs.mNHitMc 
mContamPairs.mNSvtHitMc 
mContamPairs.mNSsdHitMc 
mContamPairs.mNFtpcHitMc 
mContamPairs.mNBemcHitMc 
mContamPairs.mNBprsHitMc 
mContamPairs.mNBsmdeHitMc 
mContamPairs.mNBsmdpHitMc 
mContamPairs.mNEemcHitMc 
mContamPairs.mNEprsHitMc 
mContamPairs.mNEsmduHitMc 
mContamPairs.mNEsmdvHitMc 
mContamPairs.mGeantId 
mContamPairs.mPdgId 
mContamPairs.mChargeMc 
mContamPairs.mStopR 
mContamPairs.mKey 
mContamPairs.mParentKey 
mContamPairs.mParentGeantId 
mContamPairs.mEmcEnergyMcHit[3] 
mContamPairs.mEmcEnergyMcSum 
mContamPairs.mEmcSoftIdHiTowerMc[3] 
*         | mEmcSoftIdHiTowerMc[mContamPairs_]/S                             *
mContamPairs.mNAssocGl 
mContamPairs.mNAssocPr 
mContamPairs.mIsPrimary 
mContamPairs.fUniqueID 
mContamPairs.fBits 
mContamPairs.mIsValidGl 
mContamPairs.mIsDca 
mContamPairs.mPtPr 
mContamPairs.mPzPr 
mContamPairs.mEtaPr 
mContamPairs.mPhiPr 
mContamPairs.mDcaPr 
mContamPairs.mDcaXYPr 
mContamPairs.mDcaZPr 
mContamPairs.mDcaXYPrMcV 
mContamPairs.mDcaZPrMcV 
mContamPairs.mCurvPr 
mContamPairs.mTanLPr 
mContamPairs.mErrP[5] 
mContamPairs.mChi2Pr 
mContamPairs.mFlag 
mContamPairs.mDedx 
mContamPairs.mPtGl 
mContamPairs.mPzGl 
mContamPairs.mEtaGl 
mContamPairs.mPhiGl 
mContamPairs.mDca00 
mContamPairs.mDcaGl 
mContamPairs.mDcaXYGl 
mContamPairs.mDcaZGl 
mContamPairs.mDcaXYGlMcV 
mContamPairs.mDcaZGlMcV 
mContamPairs.mCurvGl 
mContamPairs.mTanLGl 
mContamPairs.mErrG[5] 
mContamPairs.mSeedQA 
mContamPairs.mPidPion 
mContamPairs.mPidProton 
mContamPairs.mPidKaon 
mContamPairs.mPidElectron 
mContamPairs.mFirstZ 
mContamPairs.mLastZ 
mContamPairs.mFirstPadrow 
mContamPairs.mLastPadrow 
mContamPairs.mFirstFitPadrow 
mContamPairs.mLastFitPadrow 
mContamPairs.mFirstSector 
mContamPairs.mLastSector 
mContamPairs.mRecoKey 
mContamPairs.mFitPts 
mContamPairs.mFitSvt 
mContamPairs.mFitSsd 
mContamPairs.mFitFtpc 
mContamPairs.mDedxPts 
mContamPairs.mAllPts 
mContamPairs.mCharge 
mContamPairs.mNAssocMc 
mContamPairs.mNPossible 
mContamPairs.mIsValidPr 
mContamPairs.mEmcTowerAdc[3] 
mContamPairs.mEmcEnergyRcHit[3] 
mContamPairs.mEmcSoftIdHiTowerRc[3] 
*         | mEmcSoftIdHiTowerRc[mContamPairs_]/S                             *
mMatGlobPairs_ 
mMatGlobPairs.mNCommonHit 
mMatGlobPairs.mIsBestContam 
mMatGlobPairs.mDominatrack 
mMatGlobPairs.mDominCommonHit 
mMatGlobPairs.mAvgQuality 
mMatGlobPairs.mIsValid 
mMatGlobPairs.mPtMc 
mMatGlobPairs.mPzMc 
mMatGlobPairs.mEtaMc 
mMatGlobPairs.mPhiMc 
mMatGlobPairs.mNHitMc 
mMatGlobPairs.mNSvtHitMc 
mMatGlobPairs.mNSsdHitMc 
mMatGlobPairs.mNFtpcHitMc 
mMatGlobPairs.mNBemcHitMc 
mMatGlobPairs.mNBprsHitMc 
mMatGlobPairs.mNBsmdeHitMc 
mMatGlobPairs.mNBsmdpHitMc 
mMatGlobPairs.mNEemcHitMc 
mMatGlobPairs.mNEprsHitMc 
mMatGlobPairs.mNEsmduHitMc 
mMatGlobPairs.mNEsmdvHitMc 
mMatGlobPairs.mGeantId 
mMatGlobPairs.mPdgId 
mMatGlobPairs.mChargeMc 
mMatGlobPairs.mStopR 
mMatGlobPairs.mKey 
mMatGlobPairs.mParentKey 
mMatGlobPairs.mParentGeantId 
mMatGlobPairs.mEmcEnergyMcHit[3] 
*         | mEmcEnergyMcHit[mMatGlobPairs_]/F                                *
mMatGlobPairs.mEmcEnergyMcSum 
mMatGlobPairs.mEmcSoftIdHiTowerMc[3] 
*         | mEmcSoftIdHiTowerMc[mMatGlobPairs_]/S                            *
mMatGlobPairs.mNAssocGl 
mMatGlobPairs.mNAssocPr 
mMatGlobPairs.mIsPrimary 
mMatGlobPairs.fUniqueID 
mMatGlobPairs.fBits 
mMatGlobPairs.mIsValidGl 
mMatGlobPairs.mIsDca 
mMatGlobPairs.mPtPr 
mMatGlobPairs.mPzPr 
mMatGlobPairs.mEtaPr 
mMatGlobPairs.mPhiPr 
mMatGlobPairs.mDcaPr 
mMatGlobPairs.mDcaXYPr 
mMatGlobPairs.mDcaZPr 
mMatGlobPairs.mDcaXYPrMcV 
mMatGlobPairs.mDcaZPrMcV 
mMatGlobPairs.mCurvPr 
mMatGlobPairs.mTanLPr 
mMatGlobPairs.mErrP[5] 
mMatGlobPairs.mChi2Pr 
mMatGlobPairs.mFlag 
mMatGlobPairs.mDedx 
mMatGlobPairs.mPtGl 
mMatGlobPairs.mPzGl 
mMatGlobPairs.mEtaGl 
mMatGlobPairs.mPhiGl 
mMatGlobPairs.mDca00 
mMatGlobPairs.mDcaGl 
mMatGlobPairs.mDcaXYGl 
mMatGlobPairs.mDcaZGl 
mMatGlobPairs.mDcaXYGlMcV 
mMatGlobPairs.mDcaZGlMcV 
mMatGlobPairs.mCurvGl 
mMatGlobPairs.mTanLGl 
mMatGlobPairs.mErrG[5] 
mMatGlobPairs.mSeedQA 
mMatGlobPairs.mPidPion 
mMatGlobPairs.mPidProton 
mMatGlobPairs.mPidKaon 
mMatGlobPairs.mPidElectron 
mMatGlobPairs.mFirstZ 
mMatGlobPairs.mLastZ 
mMatGlobPairs.mFirstPadrow 
mMatGlobPairs.mLastPadrow 
mMatGlobPairs.mFirstFitPadrow 
mMatGlobPairs.mLastFitPadrow 
mMatGlobPairs.mFirstSector 
mMatGlobPairs.mLastSector 
mMatGlobPairs.mRecoKey 
mMatGlobPairs.mFitPts 
mMatGlobPairs.mFitSvt 
mMatGlobPairs.mFitSsd 
mMatGlobPairs.mFitFtpc 
mMatGlobPairs.mDedxPts 
mMatGlobPairs.mAllPts 
mMatGlobPairs.mCharge 
mMatGlobPairs.mNAssocMc 
mMatGlobPairs.mNPossible 
mMatGlobPairs.mIsValidPr 
mMatGlobPairs.mEmcTowerAdc[3] 
mMatGlobPairs.mEmcEnergyRcHit[3] 
*         | mEmcEnergyRcHit[mMatGlobPairs_]/F                                *
mMatGlobPairs.mEmcSoftIdHiTowerRc[3] 
*         | mEmcSoftIdHiTowerRc[mMatGlobPairs_]/S                            *
fUniqueID 
fBits     
